Arguments: 
  /usr/local/bin/node /usr/local/bin/yarn

PATH: 
  /Users/quyphan/.rvm/gems/ruby-3.0.0/bin:/Users/quyphan/.rvm/gems/ruby-3.0.0@global/bin:/Users/quyphan/.rvm/rubies/ruby-3.0.0/bin:/opt/homebrew/opt/node@16/bin:/opt/homebrew/opt/node@16/bin:/opt/homebrew/opt/ruby@3.1/bin:/opt/homebrew/opt/ruby@3.1/bin:/Users/quyphan/.local/share/solana/install/active_release/bin:/Library/Frameworks/Python.framework/Versions/3.9/bin:/opt/homebrew/bin:/opt/homebrew/sbin:/usr/local/bin:/usr/bin:/bin:/usr/sbin:/sbin:/Users/quyphan/.rvm/gems/ruby-3.0.0/bin:/Users/quyphan/.rvm/gems/ruby-3.0.0@global/bin:/Users/quyphan/.rvm/rubies/ruby-3.0.0/bin:/opt/homebrew/opt/node@16/bin:/opt/homebrew/opt/ruby@3.1/bin:/Users/quyphan/.local/share/solana/install/active_release/bin:/Library/Frameworks/Python.framework/Versions/3.9/bin:/opt/homebrew/bin:/opt/homebrew/sbin:/Users/quyphan/.starkli/bin:/Users/quyphan/.cargo/bin:/Users/quyphan/.rvm/bin:/Users/quyphan/.local/bin:/Users/quyphan/.rvm/bin:/Users/quyphan/.local/bin:/Users/quyphan/.local/bin

Yarn version: 
  1.22.19

Node version: 
  20.9.0

Platform: 
  darwin arm64

Trace: 
  SyntaxError: /Users/quyphan/Desktop/DeMask-Protocol/erc7254.org/package.json: Expected ',' or '}' after property value in JSON at position 1321
      at JSON.parse (<anonymous>)
      at /usr/local/lib/node_modules/yarn/lib/cli.js:1629:59
      at Generator.next (<anonymous>)
      at step (/usr/local/lib/node_modules/yarn/lib/cli.js:310:30)
      at /usr/local/lib/node_modules/yarn/lib/cli.js:321:13

npm manifest: 
  {
    "name": "erc7254.org",
    "version": "1.0.0",
    "description": "Revenue Sharing is an extended version of ERC-20. It proposes an additional payment method for token holders.",
    "main": "index.js",
    "devDependencies": {
      "@nomiclabs/hardhat-ethers": "^2.0.6",
      "@nomiclabs/hardhat-etherscan": "^3.0.4",
      "@nomiclabs/hardhat-waffle": "^2.0.3",
      "@openzeppelin/hardhat-upgrades": "^1.21.0",
      "chai": "^4.3.6",
      "ethereum-waffle": "^3.4.4",
      "ethers": "^5.7.1",
      "hardhat": "^2.9.6",
      "hardhat-abi-exporter": "^2.10.0"
    },
    "dependencies": {
      "@chainlink/contracts": "^0.5.1",
      "@nomicfoundation/hardhat-ethers": "^3.0.0",
      "@nomicfoundation/hardhat-toolbox": "^4.0.0",
      "@nomiclabs/hardhat-ethers": "^2.0.6",
      "@nomiclabs/hardhat-etherscan": "^3.0.4",
      "@nomiclabs/hardhat-waffle": "^2.0.3",
      "@openzeppelin/contracts": "^4.6.0",
      "@openzeppelin/contracts-upgradeable": "^4.8.0",
      "@rari-capital/solmate": "^6.4.0",
      "axios": "^1.3.6",
      "crypto": "^1.0.1",
      "crypto-js": "^4.0.0",
      "dotenv": "^16.3.1",
      "erc721a": "^4.2.3",
      "hardhat-abi-exporter": "^2.10.0",
      "hardhat-contract-sizer": "^2.1.1",
      "quai-hardhat-plugin": "^1.0.0",
      "quais": "^0.1.14",
      "quais-polling": "^1.0.3",
      "solmate": "^6.6.1",
      "web3": "^1.8.1"
    }
    "scripts": {
      "test": "echo \"Error: no test specified\" && exit 1"
    },
    "author": "quy-phan",
    "license": "ISC"
  }

yarn manifest: 
  No manifest

Lockfile: 
  No lockfile
